[Info  - 10:25:48.293] Reading sessions from keychain...
[Info  - 10:25:48.309] Getting sessions for all scopes...
[Info  - 10:25:48.309] Getting sessions for all scopes...
[Info  - 10:25:48.312] Got 0 sessions for all scopes...
[Info  - 10:25:48.312] Got 0 sessions for all scopes...
[Info  - 10:25:59.272] Getting sessions for all scopes...
[Info  - 10:25:59.272] Got 0 sessions for all scopes...
[Info  - 10:26:01.592] Logging in for the following scopes: user:email
[Trace  - 10:27:39.499] Handling Uri...
[Info  - 10:27:53.102] Getting sessions for all scopes...
[Info  - 10:27:53.102] Got 0 sessions for all scopes...
[Info  - 10:27:54.110] Logging in for the following scopes: user:email
[Trace  - 10:29:00.957] Handling Uri...
[Info  - 10:29:40.931] Getting sessions for all scopes...
[Info  - 10:29:40.931] Got 0 sessions for all scopes...
[Info  - 10:29:42.17] Logging in for the following scopes: user:email
[Info  - 10:29:49.656] Getting sessions for all scopes...
[Info  - 10:29:49.656] Got 0 sessions for all scopes...
[Trace  - 10:30:23.444] Handling Uri...
[Info  - 10:30:23.445] State not found in accepted state. Skipping this execution...
